<?xml version="1.0" encoding="UTF-8"?>
<testng-results skipped="0" failed="0" ignored="0" total="1" passed="1">
  <reporter-output>
  </reporter-output>
  <suite name="TestSuits" duration-ms="8737" started-at="2019-08-06T18:07:57 EEST" finished-at="2019-08-06T18:08:06 EEST">
    <groups>
    </groups>
    <test name="LogInTest.java" duration-ms="8737" started-at="2019-08-06T18:07:57 EEST" finished-at="2019-08-06T18:08:06 EEST">
      <class name="com.practice.selenium.com.LogInTest">
        <test-method status="PASS" signature="loginTest()[pri:0, instance:com.practice.selenium.com.LogInTest@6ea12c19]" name="loginTest" duration-ms="8636" started-at="2019-08-06T18:07:57 EEST" finished-at="2019-08-06T18:08:06 EEST">
          <reporter-output>
          </reporter-output>
        </test-method> <!-- loginTest -->
      </class> <!-- com.practice.selenium.com.LogInTest -->
    </test> <!-- LogInTest.java -->
  </suite> <!-- TestSuits -->
</testng-results>
